build/app/outputs/mapping/release/seeds.txt
com.example.player.MainActivity
com.example.player.MainActivity: MainActivity()
...
com.google.android.gms.common.api.Scope: android.os.Parcelable$Creator CREATOR
io.flutter.plugin.platform.SingleViewPresentation: io.flutter.plugin.platform.AccessibilityEventsDelegate accessibilityEventsDelegate
com.google.android.gms.common.api.internal.BasePendingResult: com.google.android.gms.common.api.internal.zas resultGuardian
kotlinx.coroutines.channels.BufferedChannel: java.lang.Object sendSegment
com.google.android.gms.signin.internal.zak: android.os.Parcelable$Creator CREATOR
io.flutter.embedding.engine.renderer.FlutterRenderer$ImageReaderSurfaceProducer: boolean trimOnMemoryPressure
kotlinx.coroutines.channels.BufferedChannel: long receivers
io.flutter.embedding.engine.FlutterJNI: java.lang.String vmServiceUri
io.flutter.plugin.platform.SingleViewPresentation: io.flutter.plugin.platform.SingleViewPresentation$PresentationState state
kotlinx.coroutines.flow.StateFlowSlot: java.lang.Object _state
com.google.android.gms.location.LastLocationRequest: android.os.Parcelable$Creator CREATOR
kotlinx.coroutines.JobSupport$Finishing: java.lang.Object _exceptionsHolder
kotlinx.coroutines.CancellableContinuationImpl: java.lang.Object _parentHandle
kotlinx.coroutines.internal.LimitedDispatcher: int runningWorkers
kotlinx.coroutines.channels.BufferedChannel: java.lang.Object closeHandler
androidx.media3.extractor.metadata.scte35.PrivateCommand: android.os.Parcelable$Creator CREATOR
androidx.media3.extractor.metadata.id3.CommentFrame: android.os.Parcelable$Creator CREATOR
kotlinx.coroutines.internal.DispatchedContinuation: java.lang.Object _reusableCancellableContinuation
io.flutter.plugin.editing.ImeSyncDeferringInsetsCallback$AnimationCallback: io.flutter.plugin.editing.ImeSyncDeferringInsetsCallback this$0
androidx.media3.extractor.metadata.flac.PictureFrame: android.os.Parcelable$Creator CREATOR
androidx.media3.extractor.metadata.vorbis.VorbisComment: android.os.Parcelable$Creator CREATOR
io.flutter.plugin.platform.SingleViewPresentation: int viewId
io.flutter.embedding.engine.renderer.SurfaceTextureWrapper: boolean released
com.google.android.gms.common.Feature: android.os.Parcelable$Creator CREATOR
io.flutter.embedding.engine.renderer.FlutterRenderer$ImageReaderSurfaceProducer: boolean CLEANUP_ON_MEMORY_PRESSURE
io.flutter.plugin.platform.SingleViewPresentation: android.widget.FrameLayout container
com.google.android.gms.signin.internal.zaa: android.os.Parcelable$Creator CREATOR
androidx.fragment.app.BackStackRecordState: android.os.Parcelable$Creator CREATOR
androidx.lifecycle.Lifecycle$Event: androidx.lifecycle.Lifecycle$Event ON_STOP
kotlinx.coroutines.scheduling.WorkQueue: int consumerIndex
kotlinx.coroutines.UndispatchedCoroutine: boolean threadLocalIsSet
androidx.media3.extractor.metadata.mp4.SlowMotionData$Segment: android.os.Parcelable$Creator CREATOR
io.flutter.plugins.GeneratedPluginRegistrant: java.lang.String TAG
io.flutter.embedding.engine.renderer.FlutterRenderer$ImageReaderSurfaceProducer: long lastQueueTime
kotlinx.coroutines.DefaultExecutor: int debugStatus
androidx.media3.extractor.metadata.id3.TextInformationFrame: android.os.Parcelable$Creator CREATOR
androidx.media3.extractor.metadata.icy.IcyHeaders: android.os.Parcelable$Creator CREATOR
io.flutter.embedding.engine.FlutterJNI: io.flutter.embedding.engine.FlutterJNI$AccessibilityDelegate accessibilityDelegate
io.flutter.embedding.engine.renderer.FlutterRenderer$ImageReaderSurfaceProducer: long lastScheduleTime
io.flutter.embedding.engine.FlutterJNI: io.flutter.embedding.engine.FlutterJNI$AsyncWaitForVsyncDelegate asyncWaitForVsyncDelegate
io.flutter.embedding.engine.FlutterOverlaySurface: android.view.Surface surface
kotlinx.coroutines.InvokeOnCancelling: int _invoked
androidx.media3.container.Mp4LocationData: android.os.Parcelable$Creator CREATOR
kotlinx.coroutines.internal.ConcurrentLinkedListNode: java.lang.Object _next
com.google.android.gms.location.zzal: android.os.Parcelable$Creator CREATOR